<?xml version="1.0" encoding="UTF-8"?>
<!-- Generated by org.testng.reporters.JUnitReportReporter -->
<testsuite hostname="LAPTOP-B2AAVM05" failures="0" tests="1" name="org.fadhilacademy.TCOBA" time="6.183" errors="0" timestamp="2023-08-31T19:18:45 ICT" skipped="0">
  <testcase classname="org.fadhilacademy.TCOBA" name="ValidateErrorRRR" time="6.183"/>
</testsuite> <!-- org.fadhilacademy.TCOBA -->
