<?xml version="1.0" encoding="UTF-8"?>
<!-- Generated by org.testng.reporters.JUnitReportReporter -->
<testsuite hostname="LAPTOP-B2AAVM05" failures="0" tests="1" name="org.fadhilacademy.BaseTestEcommerce" time="27.956" errors="0" timestamp="12 Sep 2023 09:40:46 GMT" skipped="0">
  <testcase classname="org.fadhilacademy.BaseTestEcommerce" name="loginPage" time="27.956"/>
</testsuite> <!-- org.fadhilacademy.BaseTestEcommerce -->
