<?xml version="1.0" encoding="UTF-8"?>
<!-- Generated by org.testng.reporters.JUnitReportReporter -->
<testsuite hostname="MacBook-Pro.local" failures="0" tests="1" name="org.visionplus_android.visitor.TC_VOD.TC_PlayPremiumVOD" time="18.101" errors="0" timestamp="2023-09-26T15:23:03 WIB" skipped="0">
  <testcase classname="org.visionplus_android.visitor.TC_VOD.TC_PlayPremiumVOD" name="TC_PlayPremiumVOD" time="18.101"/>
</testsuite> <!-- org.visionplus_android.visitor.TC_VOD.TC_PlayPremiumVOD -->
