<?xml version="1.0" encoding="UTF-8"?>
<!-- Generated by org.testng.reporters.JUnitReportReporter -->
<testsuite hostname="MacBook-Pro.local" failures="0" tests="1" name="org.visionplus_android.TC_Homepage.TC_ScrollDownUp" time="19.768" errors="0" timestamp="2023-09-25T11:39:47 WIB" skipped="0">
  <testcase classname="org.visionplus_android.TC_Homepage.TC_ScrollDownUp" name="TC_ScrollDownUp" time="19.768"/>
</testsuite> <!-- org.visionplus_android.TC_Homepage.TC_ScrollDownUp -->
