<?xml version="1.0" encoding="UTF-8"?>
<!-- Generated by org.testng.reporters.JUnitReportReporter -->
<testsuite hostname="MacBook-Pro.local" failures="0" tests="1" name="org.visionplus_android.visitor.TC_Homepage.TC_ScrollDownUp" time="14.929" errors="0" timestamp="2023-09-25T17:43:25 WIB" skipped="0">
  <testcase classname="org.visionplus_android.visitor.TC_Homepage.TC_ScrollDownUp" name="TC_ScrollDownUp" time="14.929"/>
</testsuite> <!-- org.visionplus_android.visitor.TC_Homepage.TC_ScrollDownUp -->
