<?xml version="1.0" encoding="UTF-8"?>
<!-- Generated by org.testng.reporters.JUnitReportReporter -->
<testsuite hostname="MacBook-Pro.local" failures="0" tests="1" name="org.visionplus_android.visitor.TC_VOD.TC_PlayPremiumLinear" time="14.275" errors="0" timestamp="2023-09-27T14:40:42 WIB" skipped="0">
  <testcase classname="org.visionplus_android.visitor.TC_VOD.TC_PlayPremiumLinear" name="TC_PlayPremiumLinear" time="14.275"/>
</testsuite> <!-- org.visionplus_android.visitor.TC_VOD.TC_PlayPremiumLinear -->
