<?xml version="1.0" encoding="UTF-8"?>
<!-- Generated by org.testng.reporters.JUnitReportReporter -->
<testsuite hostname="MacBook-Pro.local" failures="0" tests="1" name="org.visionplus_android.visitor.TC_Login.TC_LoginWrongPhoneNumber" time="11.417" errors="0" timestamp="2023-09-25T13:32:28 WIB" skipped="0">
  <testcase classname="org.visionplus_android.visitor.TC_Login.TC_LoginWrongPhoneNumber" name="TC_LoginWrongPhoneNumber" time="11.417"/>
</testsuite> <!-- org.visionplus_android.visitor.TC_Login.TC_LoginWrongPhoneNumber -->
