<?xml version="1.0" encoding="UTF-8"?>
<!-- Generated by org.testng.reporters.JUnitReportReporter -->
<testsuite hostname="MacBook-Pro.local" failures="0" tests="1" name="org.visionplus_android.TC_Homepage.TC_ScrollDownUp" time="19.277" errors="0" timestamp="2023-09-22T16:21:09 WIB" skipped="0">
  <testcase classname="org.visionplus_android.TC_Homepage.TC_ScrollDownUp" name="TC_ScrollDownUp" time="19.277"/>
</testsuite> <!-- org.visionplus_android.TC_Homepage.TC_ScrollDownUp -->
