<?xml version="1.0" encoding="UTF-8"?>
<!-- Generated by org.testng.reporters.JUnitReportReporter -->
<testsuite hostname="MacBook-Pro.local" failures="0" tests="1" name="org.visionplus_android.visitor.TC_Homepage.TC_SwipeBannerAndClick" time="16.819" errors="0" timestamp="2023-09-25T16:20:10 WIB" skipped="0">
  <testcase classname="org.visionplus_android.visitor.TC_Homepage.TC_SwipeBannerAndClick" name="TC_SwipeBannerAndClick" time="16.819"/>
</testsuite> <!-- org.visionplus_android.visitor.TC_Homepage.TC_SwipeBannerAndClick -->
